[0m14:13:54.166683 [debug] [MainThread]: Sending event: {'category': 'dbt', 'action': 'invocation', 'label': 'start', 'context': [<snowplow_tracker.self_describing_json.SelfDescribingJson object at 0x10ac3cd00>, <snowplow_tracker.self_describing_json.SelfDescribingJson object at 0x10bd05030>, <snowplow_tracker.self_describing_json.SelfDescribingJson object at 0x10bd04940>]}


============================== 14:13:54.169306 | 5d70c2d0-5ed6-434c-a62a-6bc0b401ecb5 ==============================
[0m14:13:54.169306 [info ] [MainThread]: Running with dbt=1.11.8
[0m14:13:54.169678 [debug] [MainThread]: running dbt with arguments {'fail_fast': 'False', 'printer_width': '80', 'no_print': 'None', 'invocation_command': 'dbt ', 'debug': 'False', 'empty': 'None', 'use_experimental_parser': 'False', 'write_json': 'True', 'log_path': '/Users/giacomoleo/Github/fastlineage/fixtures/dbt_project/logs', 'quiet': 'False', 'warn_error_options': 'WarnErrorOptionsV2(error=[], warn=[], silence=[])', 'static_parser': 'True', 'indirect_selection': 'eager', 'log_format': 'default', 'version_check': 'True', 'use_colors': 'True', 'target_path': 'None', 'warn_error': 'None', 'log_cache_events': 'False', 'cache_selected_only': 'False', 'partial_parse': 'True', 'profiles_dir': '/Users/giacomoleo/.dbt', 'send_anonymous_usage_stats': 'True', 'introspect': 'True'}
[0m14:13:58.745175 [debug] [MainThread]: Sending event: {'category': 'dbt', 'action': 'project_id', 'label': '5d70c2d0-5ed6-434c-a62a-6bc0b401ecb5', 'context': [<snowplow_tracker.self_describing_json.SelfDescribingJson object at 0x10be41240>]}
[0m14:13:58.763899 [info ] [MainThread]: Warning: No packages were found in packages.yml
[0m14:13:58.766878 [info ] [MainThread]: Warning: No packages were found in packages.yml
[0m14:13:59.267725 [debug] [MainThread]: Resource report: {"command_name": "deps", "command_success": true, "command_wall_clock_time": 5.151903, "process_in_blocks": "0", "process_kernel_time": 0.111597, "process_mem_max_rss": "109953024", "process_out_blocks": "0", "process_user_time": 0.892234}
[0m14:13:59.268987 [debug] [MainThread]: Command `cli deps` succeeded at 14:13:59.268755 after 5.15 seconds
[0m14:13:59.269459 [debug] [MainThread]: Sending event: {'category': 'dbt', 'action': 'invocation', 'label': 'end', 'context': [<snowplow_tracker.self_describing_json.SelfDescribingJson object at 0x10ac3cd00>, <snowplow_tracker.self_describing_json.SelfDescribingJson object at 0x10be41150>, <snowplow_tracker.self_describing_json.SelfDescribingJson object at 0x10bf38280>]}
[0m14:13:59.269721 [debug] [MainThread]: Flushing usage events
[0m14:13:59.934240 [debug] [MainThread]: An error was encountered while trying to flush usage events
[0m14:19:19.952862 [debug] [MainThread]: Sending event: {'category': 'dbt', 'action': 'invocation', 'label': 'start', 'context': [<snowplow_tracker.self_describing_json.SelfDescribingJson object at 0x10c27cd30>, <snowplow_tracker.self_describing_json.SelfDescribingJson object at 0x10d345270>, <snowplow_tracker.self_describing_json.SelfDescribingJson object at 0x10d344b80>]}


============================== 14:19:19.955454 | 94218060-e79a-4786-b398-265dd6c22e24 ==============================
[0m14:19:19.955454 [info ] [MainThread]: Running with dbt=1.11.8
[0m14:19:19.955831 [debug] [MainThread]: running dbt with arguments {'cache_selected_only': 'False', 'target_path': 'None', 'version_check': 'True', 'indirect_selection': 'eager', 'fail_fast': 'False', 'warn_error': 'None', 'partial_parse': 'True', 'static_parser': 'True', 'introspect': 'True', 'log_cache_events': 'False', 'warn_error_options': 'WarnErrorOptionsV2(error=[], warn=[], silence=[])', 'send_anonymous_usage_stats': 'True', 'no_print': 'None', 'invocation_command': 'dbt ', 'write_json': 'True', 'profiles_dir': '/Users/giacomoleo/.dbt', 'use_experimental_parser': 'False', 'log_path': '/Users/giacomoleo/Github/fastlineage/fixtures/dbt_project/logs', 'debug': 'False', 'quiet': 'False', 'printer_width': '80', 'use_colors': 'True', 'log_format': 'default', 'empty': 'None'}
[0m14:19:20.129954 [debug] [MainThread]: Sending event: {'category': 'dbt', 'action': 'project_id', 'label': '94218060-e79a-4786-b398-265dd6c22e24', 'context': [<snowplow_tracker.self_describing_json.SelfDescribingJson object at 0x10d327c70>]}
[0m14:19:20.139097 [info ] [MainThread]: Warning: No packages were found in packages.yml
[0m14:19:20.139717 [info ] [MainThread]: Warning: No packages were found in packages.yml
[0m14:19:20.142825 [debug] [MainThread]: Resource report: {"command_name": "deps", "command_success": true, "command_wall_clock_time": 0.24156187, "process_in_blocks": "0", "process_kernel_time": 0.089693, "process_mem_max_rss": "111116288", "process_out_blocks": "0", "process_user_time": 0.888326}
[0m14:19:20.143334 [debug] [MainThread]: Command `cli deps` succeeded at 14:19:20.143255 after 0.24 seconds
[0m14:19:20.143639 [debug] [MainThread]: Sending event: {'category': 'dbt', 'action': 'invocation', 'label': 'end', 'context': [<snowplow_tracker.self_describing_json.SelfDescribingJson object at 0x10c27cd30>, <snowplow_tracker.self_describing_json.SelfDescribingJson object at 0x10d327c70>, <snowplow_tracker.self_describing_json.SelfDescribingJson object at 0x10d578310>]}
[0m14:19:20.143906 [debug] [MainThread]: Flushing usage events
[0m14:19:20.779717 [debug] [MainThread]: An error was encountered while trying to flush usage events
[0m14:46:38.216009 [debug] [MainThread]: Sending event: {'category': 'dbt', 'action': 'invocation', 'label': 'start', 'context': [<snowplow_tracker.self_describing_json.SelfDescribingJson object at 0x10aca4d00>, <snowplow_tracker.self_describing_json.SelfDescribingJson object at 0x10bd6cf70>, <snowplow_tracker.self_describing_json.SelfDescribingJson object at 0x10bd6c850>]}


============================== 14:46:38.218694 | 4368fdc3-e0e0-44b5-a09a-08dd20f43c8e ==============================
[0m14:46:38.218694 [info ] [MainThread]: Running with dbt=1.11.8
[0m14:46:38.219091 [debug] [MainThread]: running dbt with arguments {'no_print': 'None', 'cache_selected_only': 'False', 'log_path': '/Users/giacomoleo/Github/fastlineage/fixtures/dbt_project/logs', 'fail_fast': 'False', 'write_json': 'True', 'log_cache_events': 'False', 'profiles_dir': '/Users/giacomoleo/.dbt', 'quiet': 'False', 'partial_parse': 'True', 'debug': 'False', 'use_experimental_parser': 'False', 'warn_error': 'None', 'invocation_command': 'dbt ', 'target_path': 'None', 'indirect_selection': 'eager', 'empty': 'None', 'introspect': 'True', 'use_colors': 'True', 'log_format': 'default', 'printer_width': '80', 'version_check': 'True', 'warn_error_options': 'WarnErrorOptionsV2(error=[], warn=[], silence=[])', 'static_parser': 'True', 'send_anonymous_usage_stats': 'True'}
[0m14:46:38.312693 [debug] [MainThread]: Sending event: {'category': 'dbt', 'action': 'project_id', 'label': '4368fdc3-e0e0-44b5-a09a-08dd20f43c8e', 'context': [<snowplow_tracker.self_describing_json.SelfDescribingJson object at 0x10bf03be0>]}
[0m14:46:38.321959 [info ] [MainThread]: Warning: No packages were found in packages.yml
[0m14:46:38.322649 [info ] [MainThread]: Warning: No packages were found in packages.yml
[0m14:46:38.325772 [debug] [MainThread]: Resource report: {"command_name": "deps", "command_success": true, "command_wall_clock_time": 0.16159683, "process_in_blocks": "0", "process_kernel_time": 0.098159, "process_mem_max_rss": "105971712", "process_out_blocks": "0", "process_user_time": 0.937307}
[0m14:46:38.326234 [debug] [MainThread]: Command `cli deps` succeeded at 14:46:38.326154 after 0.16 seconds
[0m14:46:38.326491 [debug] [MainThread]: Sending event: {'category': 'dbt', 'action': 'invocation', 'label': 'end', 'context': [<snowplow_tracker.self_describing_json.SelfDescribingJson object at 0x10aca4d00>, <snowplow_tracker.self_describing_json.SelfDescribingJson object at 0x10bf02c80>, <snowplow_tracker.self_describing_json.SelfDescribingJson object at 0x10bfa06d0>]}
[0m14:46:38.326747 [debug] [MainThread]: Flushing usage events
[0m14:46:38.969281 [debug] [MainThread]: An error was encountered while trying to flush usage events
[0m15:17:22.489921 [debug] [MainThread]: Sending event: {'category': 'dbt', 'action': 'invocation', 'label': 'start', 'context': [<snowplow_tracker.self_describing_json.SelfDescribingJson object at 0x108498d00>, <snowplow_tracker.self_describing_json.SelfDescribingJson object at 0x109560f70>, <snowplow_tracker.self_describing_json.SelfDescribingJson object at 0x109560850>]}


============================== 15:17:22.492534 | 8d572d6f-6a43-4377-b0d1-58f0057e0e66 ==============================
[0m15:17:22.492534 [info ] [MainThread]: Running with dbt=1.11.8
[0m15:17:22.492928 [debug] [MainThread]: running dbt with arguments {'log_cache_events': 'False', 'invocation_command': 'dbt ', 'use_colors': 'True', 'cache_selected_only': 'False', 'write_json': 'True', 'quiet': 'False', 'printer_width': '80', 'target_path': 'None', 'warn_error': 'None', 'profiles_dir': '/Users/giacomoleo/.dbt', 'empty': 'None', 'log_format': 'default', 'indirect_selection': 'eager', 'static_parser': 'True', 'warn_error_options': 'WarnErrorOptionsV2(error=[], warn=[], silence=[])', 'partial_parse': 'True', 'version_check': 'True', 'send_anonymous_usage_stats': 'True', 'use_experimental_parser': 'False', 'no_print': 'None', 'log_path': '/Users/giacomoleo/Github/fastlineage/fixtures/dbt_project/logs', 'fail_fast': 'False', 'introspect': 'True', 'debug': 'False'}
[0m15:17:22.579286 [debug] [MainThread]: Sending event: {'category': 'dbt', 'action': 'project_id', 'label': '8d572d6f-6a43-4377-b0d1-58f0057e0e66', 'context': [<snowplow_tracker.self_describing_json.SelfDescribingJson object at 0x1096f7be0>]}
[0m15:17:22.589845 [info ] [MainThread]: Warning: No packages were found in packages.yml
[0m15:17:22.590548 [info ] [MainThread]: Warning: No packages were found in packages.yml
[0m15:17:22.593395 [debug] [MainThread]: Resource report: {"command_name": "deps", "command_success": true, "command_wall_clock_time": 0.15899758, "process_in_blocks": "0", "process_kernel_time": 0.08815, "process_mem_max_rss": "110690304", "process_out_blocks": "0", "process_user_time": 0.8807}
[0m15:17:22.593792 [debug] [MainThread]: Command `cli deps` succeeded at 15:17:22.593725 after 0.16 seconds
[0m15:17:22.594049 [debug] [MainThread]: Sending event: {'category': 'dbt', 'action': 'invocation', 'label': 'end', 'context': [<snowplow_tracker.self_describing_json.SelfDescribingJson object at 0x108498d00>, <snowplow_tracker.self_describing_json.SelfDescribingJson object at 0x1096f6c80>, <snowplow_tracker.self_describing_json.SelfDescribingJson object at 0x1097942b0>]}
[0m15:17:22.594311 [debug] [MainThread]: Flushing usage events
[0m15:17:23.210897 [debug] [MainThread]: An error was encountered while trying to flush usage events
[0m15:40:51.836613 [debug] [MainThread]: Sending event: {'category': 'dbt', 'action': 'invocation', 'label': 'start', 'context': [<snowplow_tracker.self_describing_json.SelfDescribingJson object at 0x10ad60c40>, <snowplow_tracker.self_describing_json.SelfDescribingJson object at 0x10be2ca00>, <snowplow_tracker.self_describing_json.SelfDescribingJson object at 0x10be2c2e0>]}


============================== 15:40:51.839202 | 1fbbf29b-d8cb-4cbd-acea-68bc7ec2adcb ==============================
[0m15:40:51.839202 [info ] [MainThread]: Running with dbt=1.11.8
[0m15:40:51.839582 [debug] [MainThread]: running dbt with arguments {'target_path': 'None', 'fail_fast': 'False', 'indirect_selection': 'eager', 'introspect': 'True', 'cache_selected_only': 'False', 'debug': 'False', 'quiet': 'False', 'version_check': 'True', 'log_format': 'default', 'profiles_dir': '/Users/giacomoleo/.dbt', 'empty': 'None', 'write_json': 'True', 'log_path': '/Users/giacomoleo/Github/fastlineage/fixtures/dbt_project/logs', 'use_experimental_parser': 'False', 'printer_width': '80', 'no_print': 'None', 'warn_error_options': 'WarnErrorOptionsV2(error=[], warn=[], silence=[])', 'invocation_command': 'dbt ', 'warn_error': 'None', 'use_colors': 'True', 'static_parser': 'True', 'log_cache_events': 'False', 'send_anonymous_usage_stats': 'True', 'partial_parse': 'True'}
[0m15:40:51.928179 [debug] [MainThread]: Sending event: {'category': 'dbt', 'action': 'project_id', 'label': '1fbbf29b-d8cb-4cbd-acea-68bc7ec2adcb', 'context': [<snowplow_tracker.self_describing_json.SelfDescribingJson object at 0x10bde59f0>]}
[0m15:40:51.938149 [info ] [MainThread]: Warning: No packages were found in packages.yml
[0m15:40:51.938727 [info ] [MainThread]: Warning: No packages were found in packages.yml
[0m15:40:51.943699 [debug] [MainThread]: Resource report: {"command_name": "deps", "command_success": true, "command_wall_clock_time": 0.1615805, "process_in_blocks": "0", "process_kernel_time": 0.095962, "process_mem_max_rss": "109002752", "process_out_blocks": "0", "process_user_time": 0.928344}
[0m15:40:51.944335 [debug] [MainThread]: Command `cli deps` succeeded at 15:40:51.944198 after 0.16 seconds
[0m15:40:51.944683 [debug] [MainThread]: Sending event: {'category': 'dbt', 'action': 'invocation', 'label': 'end', 'context': [<snowplow_tracker.self_describing_json.SelfDescribingJson object at 0x10ad60c40>, <snowplow_tracker.self_describing_json.SelfDescribingJson object at 0x10be2ca00>, <snowplow_tracker.self_describing_json.SelfDescribingJson object at 0x10c05c220>]}
[0m15:40:51.944978 [debug] [MainThread]: Flushing usage events
[0m15:40:52.631874 [debug] [MainThread]: An error was encountered while trying to flush usage events
[0m15:47:35.984516 [debug] [MainThread]: Sending event: {'category': 'dbt', 'action': 'invocation', 'label': 'start', 'context': [<snowplow_tracker.self_describing_json.SelfDescribingJson object at 0x10ae9cca0>, <snowplow_tracker.self_describing_json.SelfDescribingJson object at 0x10bf64fd0>, <snowplow_tracker.self_describing_json.SelfDescribingJson object at 0x10bf648b0>]}


============================== 15:47:35.987913 | 6ac754a4-07a6-44eb-9572-9eb36a230ae4 ==============================
[0m15:47:35.987913 [info ] [MainThread]: Running with dbt=1.11.8
[0m15:47:35.988305 [debug] [MainThread]: running dbt with arguments {'debug': 'False', 'log_cache_events': 'False', 'write_json': 'True', 'target_path': 'None', 'no_print': 'None', 'log_path': '/Users/giacomoleo/Github/fastlineage/fixtures/dbt_project/logs', 'invocation_command': 'dbt ', 'fail_fast': 'False', 'use_colors': 'True', 'profiles_dir': '/Users/giacomoleo/.dbt', 'empty': 'None', 'use_experimental_parser': 'False', 'quiet': 'False', 'cache_selected_only': 'False', 'partial_parse': 'True', 'warn_error': 'None', 'introspect': 'True', 'send_anonymous_usage_stats': 'True', 'log_format': 'default', 'printer_width': '80', 'indirect_selection': 'eager', 'static_parser': 'True', 'warn_error_options': 'WarnErrorOptionsV2(error=[], warn=[], silence=[])', 'version_check': 'True'}
[0m15:47:36.082778 [debug] [MainThread]: Sending event: {'category': 'dbt', 'action': 'project_id', 'label': '6ac754a4-07a6-44eb-9572-9eb36a230ae4', 'context': [<snowplow_tracker.self_describing_json.SelfDescribingJson object at 0x10bf64fd0>]}
[0m15:47:36.098610 [info ] [MainThread]: Warning: No packages were found in packages.yml
[0m15:47:36.099395 [info ] [MainThread]: Warning: No packages were found in packages.yml
[0m15:47:36.102408 [debug] [MainThread]: Resource report: {"command_name": "deps", "command_success": true, "command_wall_clock_time": 0.16986892, "process_in_blocks": "0", "process_kernel_time": 0.149838, "process_mem_max_rss": "108101632", "process_out_blocks": "0", "process_user_time": 1.000037}
[0m15:47:36.102869 [debug] [MainThread]: Command `cli deps` succeeded at 15:47:36.102794 after 0.17 seconds
[0m15:47:36.103145 [debug] [MainThread]: Sending event: {'category': 'dbt', 'action': 'invocation', 'label': 'end', 'context': [<snowplow_tracker.self_describing_json.SelfDescribingJson object at 0x10ae9cca0>, <snowplow_tracker.self_describing_json.SelfDescribingJson object at 0x10bf64fd0>, <snowplow_tracker.self_describing_json.SelfDescribingJson object at 0x10c198250>]}
[0m15:47:36.103453 [debug] [MainThread]: Flushing usage events
[0m15:47:36.748407 [debug] [MainThread]: An error was encountered while trying to flush usage events
[0m16:04:05.441168 [debug] [MainThread]: Sending event: {'category': 'dbt', 'action': 'invocation', 'label': 'start', 'context': [<snowplow_tracker.self_describing_json.SelfDescribingJson object at 0x10c150bb0>, <snowplow_tracker.self_describing_json.SelfDescribingJson object at 0x10d27d240>, <snowplow_tracker.self_describing_json.SelfDescribingJson object at 0x10d27cb20>]}


============================== 16:04:05.445211 | 237916af-30b5-4546-ac39-6bb723adae65 ==============================
[0m16:04:05.445211 [info ] [MainThread]: Running with dbt=1.11.8
[0m16:04:05.445631 [debug] [MainThread]: running dbt with arguments {'profiles_dir': '/Users/giacomoleo/.dbt', 'debug': 'False', 'empty': 'False', 'quiet': 'False', 'partial_parse': 'True', 'use_colors': 'True', 'use_experimental_parser': 'False', 'version_check': 'True', 'printer_width': '80', 'no_print': 'None', 'warn_error': 'None', 'send_anonymous_usage_stats': 'True', 'log_cache_events': 'False', 'log_format': 'default', 'warn_error_options': 'WarnErrorOptionsV2(error=[], warn=[], silence=[])', 'cache_selected_only': 'False', 'introspect': 'True', 'indirect_selection': 'eager', 'log_path': '/Users/giacomoleo/Github/fastlineage/fixtures/dbt_project/logs', 'fail_fast': 'False', 'target_path': 'None', 'invocation_command': 'dbt compile', 'write_json': 'True', 'static_parser': 'True'}
[0m16:04:05.449065 [info ] [MainThread]: Error importing adapter: No module named 'dbt.adapters.bigquery'
[0m16:04:05.449441 [error] [MainThread]: Encountered an error:
Runtime Error
  Credentials in profile "default", target "dev" invalid: Runtime Error
    Could not find adapter type bigquery!
[0m16:04:05.451898 [debug] [MainThread]: Resource report: {"command_name": "compile", "command_success": false, "command_wall_clock_time": 0.06284175, "process_in_blocks": "0", "process_kernel_time": 0.173305, "process_mem_max_rss": "106102784", "process_out_blocks": "0", "process_user_time": 0.992381}
[0m16:04:05.452234 [debug] [MainThread]: Command `dbt compile` failed at 16:04:05.452174 after 0.06 seconds
[0m16:04:05.452468 [debug] [MainThread]: Sending event: {'category': 'dbt', 'action': 'invocation', 'label': 'end', 'context': [<snowplow_tracker.self_describing_json.SelfDescribingJson object at 0x10c150bb0>, <snowplow_tracker.self_describing_json.SelfDescribingJson object at 0x10d177f10>, <snowplow_tracker.self_describing_json.SelfDescribingJson object at 0x10d1775e0>]}
[0m16:04:05.452723 [debug] [MainThread]: Flushing usage events
[0m16:04:06.101993 [debug] [MainThread]: An error was encountered while trying to flush usage events
[0m16:13:35.583306 [debug] [MainThread]: Sending event: {'category': 'dbt', 'action': 'invocation', 'label': 'start', 'context': [<snowplow_tracker.self_describing_json.SelfDescribingJson object at 0x10ab78d00>, <snowplow_tracker.self_describing_json.SelfDescribingJson object at 0x10bc41030>, <snowplow_tracker.self_describing_json.SelfDescribingJson object at 0x10bc40910>]}


============================== 16:13:35.585864 | 791a098f-8b10-4185-b044-f76037864ea2 ==============================
[0m16:13:35.585864 [info ] [MainThread]: Running with dbt=1.11.8
[0m16:13:35.586228 [debug] [MainThread]: running dbt with arguments {'profiles_dir': '/Users/giacomoleo/.dbt', 'empty': 'None', 'log_path': '/Users/giacomoleo/Github/fastlineage/fixtures/dbt_project/logs', 'no_print': 'None', 'introspect': 'True', 'partial_parse': 'True', 'use_experimental_parser': 'False', 'cache_selected_only': 'False', 'invocation_command': 'dbt ', 'log_format': 'default', 'debug': 'False', 'send_anonymous_usage_stats': 'True', 'indirect_selection': 'eager', 'warn_error_options': 'WarnErrorOptionsV2(error=[], warn=[], silence=[])', 'quiet': 'False', 'version_check': 'True', 'write_json': 'True', 'target_path': 'None', 'printer_width': '80', 'static_parser': 'True', 'warn_error': 'None', 'log_cache_events': 'False', 'use_colors': 'True', 'fail_fast': 'False'}
[0m16:13:35.677498 [debug] [MainThread]: Sending event: {'category': 'dbt', 'action': 'project_id', 'label': '791a098f-8b10-4185-b044-f76037864ea2', 'context': [<snowplow_tracker.self_describing_json.SelfDescribingJson object at 0x10b5891b0>]}
[0m16:13:35.687546 [info ] [MainThread]: Warning: No packages were found in packages.yml
[0m16:13:35.688289 [info ] [MainThread]: Warning: No packages were found in packages.yml
[0m16:13:35.691783 [debug] [MainThread]: Resource report: {"command_name": "deps", "command_success": true, "command_wall_clock_time": 0.16151883, "process_in_blocks": "0", "process_kernel_time": 0.106512, "process_mem_max_rss": "109740032", "process_out_blocks": "0", "process_user_time": 0.969526}
[0m16:13:35.692174 [debug] [MainThread]: Command `cli deps` succeeded at 16:13:35.692113 after 0.16 seconds
[0m16:13:35.692413 [debug] [MainThread]: Sending event: {'category': 'dbt', 'action': 'invocation', 'label': 'end', 'context': [<snowplow_tracker.self_describing_json.SelfDescribingJson object at 0x10ab78d00>, <snowplow_tracker.self_describing_json.SelfDescribingJson object at 0x10bc41030>, <snowplow_tracker.self_describing_json.SelfDescribingJson object at 0x10be746a0>]}
[0m16:13:35.692653 [debug] [MainThread]: Flushing usage events
[0m16:13:36.344041 [debug] [MainThread]: An error was encountered while trying to flush usage events
[0m16:44:14.771163 [debug] [MainThread]: Sending event: {'category': 'dbt', 'action': 'invocation', 'label': 'start', 'context': [<snowplow_tracker.self_describing_json.SelfDescribingJson object at 0x10cc60d30>, <snowplow_tracker.self_describing_json.SelfDescribingJson object at 0x10dd29270>, <snowplow_tracker.self_describing_json.SelfDescribingJson object at 0x10dd28b50>]}


============================== 16:44:14.773687 | fc6b7be7-24c1-48c8-97ba-4cb8cd558cad ==============================
[0m16:44:14.773687 [info ] [MainThread]: Running with dbt=1.11.8
[0m16:44:14.774068 [debug] [MainThread]: running dbt with arguments {'quiet': 'False', 'use_experimental_parser': 'False', 'warn_error': 'None', 'warn_error_options': 'WarnErrorOptionsV2(error=[], warn=[], silence=[])', 'log_cache_events': 'False', 'fail_fast': 'False', 'cache_selected_only': 'False', 'debug': 'False', 'indirect_selection': 'eager', 'target_path': 'None', 'profiles_dir': '/Users/giacomoleo/.dbt', 'version_check': 'True', 'empty': 'None', 'write_json': 'True', 'static_parser': 'True', 'introspect': 'True', 'printer_width': '80', 'partial_parse': 'True', 'log_path': '/Users/giacomoleo/Github/fastlineage/fixtures/dbt_project/logs', 'use_colors': 'True', 'no_print': 'None', 'invocation_command': 'dbt ', 'log_format': 'default', 'send_anonymous_usage_stats': 'True'}
[0m16:44:14.862856 [debug] [MainThread]: Sending event: {'category': 'dbt', 'action': 'project_id', 'label': 'fc6b7be7-24c1-48c8-97ba-4cb8cd558cad', 'context': [<snowplow_tracker.self_describing_json.SelfDescribingJson object at 0x10dc82e90>]}
[0m16:44:14.871948 [info ] [MainThread]: Warning: No packages were found in packages.yml
[0m16:44:14.872589 [info ] [MainThread]: Warning: No packages were found in packages.yml
[0m16:44:14.875477 [debug] [MainThread]: Resource report: {"command_name": "deps", "command_success": true, "command_wall_clock_time": 0.15570934, "process_in_blocks": "0", "process_kernel_time": 0.08794, "process_mem_max_rss": "110084096", "process_out_blocks": "0", "process_user_time": 0.894677}
[0m16:44:14.875833 [debug] [MainThread]: Command `cli deps` succeeded at 16:44:14.875773 after 0.16 seconds
[0m16:44:14.876065 [debug] [MainThread]: Sending event: {'category': 'dbt', 'action': 'invocation', 'label': 'end', 'context': [<snowplow_tracker.self_describing_json.SelfDescribingJson object at 0x10cc60d30>, <snowplow_tracker.self_describing_json.SelfDescribingJson object at 0x10dd29270>, <snowplow_tracker.self_describing_json.SelfDescribingJson object at 0x10df5c700>]}
[0m16:44:14.876307 [debug] [MainThread]: Flushing usage events
[0m16:44:15.474568 [debug] [MainThread]: An error was encountered while trying to flush usage events
[0m17:03:36.811641 [debug] [MainThread]: Sending event: {'category': 'dbt', 'action': 'invocation', 'label': 'start', 'context': [<snowplow_tracker.self_describing_json.SelfDescribingJson object at 0x10a36cd00>, <snowplow_tracker.self_describing_json.SelfDescribingJson object at 0x10b438b20>, <snowplow_tracker.self_describing_json.SelfDescribingJson object at 0x10b438400>]}


============================== 17:03:36.814259 | 7ff0d058-e9d4-4149-bfeb-c1c893230626 ==============================
[0m17:03:36.814259 [info ] [MainThread]: Running with dbt=1.11.8
[0m17:03:36.814644 [debug] [MainThread]: running dbt with arguments {'use_colors': 'True', 'empty': 'None', 'partial_parse': 'True', 'printer_width': '80', 'log_format': 'default', 'debug': 'False', 'target_path': 'None', 'invocation_command': 'dbt ', 'log_cache_events': 'False', 'fail_fast': 'False', 'profiles_dir': '/Users/giacomoleo/.dbt', 'warn_error_options': 'WarnErrorOptionsV2(error=[], warn=[], silence=[])', 'cache_selected_only': 'False', 'static_parser': 'True', 'indirect_selection': 'eager', 'warn_error': 'None', 'introspect': 'True', 'use_experimental_parser': 'False', 'no_print': 'None', 'send_anonymous_usage_stats': 'True', 'log_path': '/Users/giacomoleo/Github/fastlineage/fixtures/dbt_project/logs', 'write_json': 'True', 'quiet': 'False', 'version_check': 'True'}
[0m17:03:36.903317 [debug] [MainThread]: Sending event: {'category': 'dbt', 'action': 'project_id', 'label': '7ff0d058-e9d4-4149-bfeb-c1c893230626', 'context': [<snowplow_tracker.self_describing_json.SelfDescribingJson object at 0x10b5cbbe0>]}
[0m17:03:36.912718 [info ] [MainThread]: Warning: No packages were found in packages.yml
[0m17:03:36.913413 [info ] [MainThread]: Warning: No packages were found in packages.yml
[0m17:03:36.916222 [debug] [MainThread]: Resource report: {"command_name": "deps", "command_success": true, "command_wall_clock_time": 0.15596284, "process_in_blocks": "0", "process_kernel_time": 0.10302, "process_mem_max_rss": "108003328", "process_out_blocks": "0", "process_user_time": 0.940449}
[0m17:03:36.916592 [debug] [MainThread]: Command `cli deps` succeeded at 17:03:36.916524 after 0.16 seconds
[0m17:03:36.916825 [debug] [MainThread]: Sending event: {'category': 'dbt', 'action': 'invocation', 'label': 'end', 'context': [<snowplow_tracker.self_describing_json.SelfDescribingJson object at 0x10a36cd00>, <snowplow_tracker.self_describing_json.SelfDescribingJson object at 0x10b5cac80>, <snowplow_tracker.self_describing_json.SelfDescribingJson object at 0x10b6682b0>]}
[0m17:03:36.917065 [debug] [MainThread]: Flushing usage events
[0m17:03:37.575556 [debug] [MainThread]: An error was encountered while trying to flush usage events
[0m17:22:33.725834 [debug] [MainThread]: Sending event: {'category': 'dbt', 'action': 'invocation', 'label': 'start', 'context': [<snowplow_tracker.self_describing_json.SelfDescribingJson object at 0x10d0d0cd0>, <snowplow_tracker.self_describing_json.SelfDescribingJson object at 0x10e19cf70>, <snowplow_tracker.self_describing_json.SelfDescribingJson object at 0x10e19c850>]}


============================== 17:22:33.728528 | dbd16550-7d10-4550-bf96-eb868b5eb30c ==============================
[0m17:22:33.728528 [info ] [MainThread]: Running with dbt=1.11.8
[0m17:22:33.728912 [debug] [MainThread]: running dbt with arguments {'profiles_dir': '/Users/giacomoleo/.dbt', 'send_anonymous_usage_stats': 'True', 'introspect': 'True', 'version_check': 'True', 'use_colors': 'True', 'partial_parse': 'True', 'debug': 'False', 'log_cache_events': 'False', 'fail_fast': 'False', 'warn_error_options': 'WarnErrorOptionsV2(error=[], warn=[], silence=[])', 'write_json': 'True', 'no_print': 'None', 'empty': 'None', 'target_path': 'None', 'printer_width': '80', 'use_experimental_parser': 'False', 'log_path': '/Users/giacomoleo/Github/fastlineage/fixtures/dbt_project/logs', 'static_parser': 'True', 'invocation_command': 'dbt ', 'warn_error': 'None', 'log_format': 'default', 'indirect_selection': 'eager', 'quiet': 'False', 'cache_selected_only': 'False'}
[0m17:22:33.816573 [debug] [MainThread]: Sending event: {'category': 'dbt', 'action': 'project_id', 'label': 'dbd16550-7d10-4550-bf96-eb868b5eb30c', 'context': [<snowplow_tracker.self_describing_json.SelfDescribingJson object at 0x10e2d9ff0>]}
[0m17:22:33.825771 [info ] [MainThread]: Warning: No packages were found in packages.yml
[0m17:22:33.826369 [info ] [MainThread]: Warning: No packages were found in packages.yml
[0m17:22:33.875856 [debug] [MainThread]: Resource report: {"command_name": "deps", "command_success": true, "command_wall_clock_time": 0.20178987, "process_in_blocks": "0", "process_kernel_time": 0.086911, "process_mem_max_rss": "109281280", "process_out_blocks": "0", "process_user_time": 0.892663}
[0m17:22:33.876407 [debug] [MainThread]: Command `cli deps` succeeded at 17:22:33.876314 after 0.20 seconds
[0m17:22:33.876737 [debug] [MainThread]: Sending event: {'category': 'dbt', 'action': 'invocation', 'label': 'end', 'context': [<snowplow_tracker.self_describing_json.SelfDescribingJson object at 0x10d0d0cd0>, <snowplow_tracker.self_describing_json.SelfDescribingJson object at 0x10e2da3b0>, <snowplow_tracker.self_describing_json.SelfDescribingJson object at 0x10e3d0280>]}
[0m17:22:33.877086 [debug] [MainThread]: Flushing usage events
[0m17:22:34.510951 [debug] [MainThread]: An error was encountered while trying to flush usage events
[0m18:57:04.636905 [debug] [MainThread]: Sending event: {'category': 'dbt', 'action': 'invocation', 'label': 'start', 'context': [<snowplow_tracker.self_describing_json.SelfDescribingJson object at 0x10c2dccd0>, <snowplow_tracker.self_describing_json.SelfDescribingJson object at 0x10d3a4f70>, <snowplow_tracker.self_describing_json.SelfDescribingJson object at 0x10d3a4850>]}


============================== 18:57:04.639662 | 0dc8df77-ebe3-41a3-ba35-d5eb81c7fc7d ==============================
[0m18:57:04.639662 [info ] [MainThread]: Running with dbt=1.11.8
[0m18:57:04.640047 [debug] [MainThread]: running dbt with arguments {'log_cache_events': 'False', 'invocation_command': 'dbt ', 'send_anonymous_usage_stats': 'True', 'log_format': 'default', 'partial_parse': 'True', 'fail_fast': 'False', 'log_path': '/Users/giacomoleo/Github/fastlineage/fixtures/dbt_project/logs', 'no_print': 'None', 'empty': 'None', 'debug': 'False', 'target_path': 'None', 'quiet': 'False', 'use_colors': 'True', 'version_check': 'True', 'warn_error_options': 'WarnErrorOptionsV2(error=[], warn=[], silence=[])', 'printer_width': '80', 'profiles_dir': '/Users/giacomoleo/.dbt', 'use_experimental_parser': 'False', 'write_json': 'True', 'introspect': 'True', 'warn_error': 'None', 'static_parser': 'True', 'cache_selected_only': 'False', 'indirect_selection': 'eager'}
[0m18:57:04.728877 [debug] [MainThread]: Sending event: {'category': 'dbt', 'action': 'project_id', 'label': '0dc8df77-ebe3-41a3-ba35-d5eb81c7fc7d', 'context': [<snowplow_tracker.self_describing_json.SelfDescribingJson object at 0x10d4e1ff0>]}
[0m18:57:04.737864 [info ] [MainThread]: Warning: No packages were found in packages.yml
[0m18:57:04.738481 [info ] [MainThread]: Warning: No packages were found in packages.yml
[0m18:57:04.742720 [debug] [MainThread]: Resource report: {"command_name": "deps", "command_success": true, "command_wall_clock_time": 0.15461454, "process_in_blocks": "0", "process_kernel_time": 0.084988, "process_mem_max_rss": "111558656", "process_out_blocks": "0", "process_user_time": 0.900219}
[0m18:57:04.743192 [debug] [MainThread]: Command `cli deps` succeeded at 18:57:04.743127 after 0.16 seconds
[0m18:57:04.743449 [debug] [MainThread]: Sending event: {'category': 'dbt', 'action': 'invocation', 'label': 'end', 'context': [<snowplow_tracker.self_describing_json.SelfDescribingJson object at 0x10c2dccd0>, <snowplow_tracker.self_describing_json.SelfDescribingJson object at 0x10d4e23b0>, <snowplow_tracker.self_describing_json.SelfDescribingJson object at 0x10d5d8280>]}
[0m18:57:04.743704 [debug] [MainThread]: Flushing usage events
[0m18:57:05.417745 [debug] [MainThread]: An error was encountered while trying to flush usage events
[0m18:58:21.658983 [debug] [MainThread]: Sending event: {'category': 'dbt', 'action': 'invocation', 'label': 'start', 'context': [<snowplow_tracker.self_describing_json.SelfDescribingJson object at 0x10c50cd30>, <snowplow_tracker.self_describing_json.SelfDescribingJson object at 0x10d5d8e20>, <snowplow_tracker.self_describing_json.SelfDescribingJson object at 0x10d5d8700>]}


============================== 18:58:21.663456 | e3e175b7-449a-4d62-a7ae-5298bb95f7f4 ==============================
[0m18:58:21.663456 [info ] [MainThread]: Running with dbt=1.11.8
[0m18:58:21.663980 [debug] [MainThread]: running dbt with arguments {'write_json': 'True', 'no_print': 'None', 'profiles_dir': '/Users/giacomoleo/.dbt', 'debug': 'False', 'introspect': 'True', 'use_colors': 'True', 'cache_selected_only': 'False', 'warn_error': 'None', 'send_anonymous_usage_stats': 'True', 'log_format': 'default', 'warn_error_options': 'WarnErrorOptionsV2(error=[], warn=[], silence=[])', 'use_experimental_parser': 'False', 'printer_width': '80', 'invocation_command': 'dbt ', 'log_cache_events': 'False', 'quiet': 'False', 'fail_fast': 'False', 'log_path': '/Users/giacomoleo/Github/fastlineage/fixtures/dbt_project/logs', 'empty': 'None', 'partial_parse': 'True', 'indirect_selection': 'eager', 'static_parser': 'True', 'target_path': 'None', 'version_check': 'True'}
[0m18:58:21.790776 [debug] [MainThread]: Sending event: {'category': 'dbt', 'action': 'project_id', 'label': 'e3e175b7-449a-4d62-a7ae-5298bb95f7f4', 'context': [<snowplow_tracker.self_describing_json.SelfDescribingJson object at 0x10d52ee90>]}
[0m18:58:21.801698 [info ] [MainThread]: Warning: No packages were found in packages.yml
[0m18:58:21.802471 [info ] [MainThread]: Warning: No packages were found in packages.yml
[0m18:58:21.806312 [debug] [MainThread]: Resource report: {"command_name": "deps", "command_success": true, "command_wall_clock_time": 0.22588955, "process_in_blocks": "0", "process_kernel_time": 0.130337, "process_mem_max_rss": "103710720", "process_out_blocks": "0", "process_user_time": 1.032291}
[0m18:58:21.806815 [debug] [MainThread]: Command `cli deps` succeeded at 18:58:21.806745 after 0.23 seconds
[0m18:58:21.807069 [debug] [MainThread]: Sending event: {'category': 'dbt', 'action': 'invocation', 'label': 'end', 'context': [<snowplow_tracker.self_describing_json.SelfDescribingJson object at 0x10c50cd30>, <snowplow_tracker.self_describing_json.SelfDescribingJson object at 0x10d5d8e20>, <snowplow_tracker.self_describing_json.SelfDescribingJson object at 0x10d808310>]}
[0m18:58:21.807337 [debug] [MainThread]: Flushing usage events
[0m18:58:22.397760 [debug] [MainThread]: An error was encountered while trying to flush usage events
[0m19:07:18.780299 [debug] [MainThread]: Sending event: {'category': 'dbt', 'action': 'invocation', 'label': 'start', 'context': [<snowplow_tracker.self_describing_json.SelfDescribingJson object at 0x10824e100>, <snowplow_tracker.self_describing_json.SelfDescribingJson object at 0x10b14b0a0>, <snowplow_tracker.self_describing_json.SelfDescribingJson object at 0x10b14b040>]}


============================== 19:07:18.787169 | 7c328d3c-ae47-434a-b0e4-ba239d9a8ef1 ==============================
[0m19:07:18.787169 [info ] [MainThread]: Running with dbt=1.6.18
[0m19:07:18.787622 [debug] [MainThread]: running dbt with arguments {'printer_width': '80', 'indirect_selection': 'eager', 'write_json': 'True', 'log_cache_events': 'False', 'partial_parse': 'True', 'cache_selected_only': 'False', 'profiles_dir': '/Users/giacomoleo/.dbt', 'debug': 'False', 'version_check': 'True', 'log_path': '/Users/giacomoleo/Github/fastlineage/fixtures/dbt_project/logs', 'fail_fast': 'False', 'warn_error': 'None', 'use_colors': 'True', 'use_experimental_parser': 'False', 'no_print': 'None', 'quiet': 'False', 'log_format': 'default', 'invocation_command': 'dbt ', 'introspect': 'True', 'warn_error_options': 'WarnErrorOptions(include=[], exclude=[])', 'target_path': 'None', 'static_parser': 'True', 'send_anonymous_usage_stats': 'True'}
[0m19:07:22.581835 [debug] [MainThread]: Sending event: {'category': 'dbt', 'action': 'project_id', 'label': '7c328d3c-ae47-434a-b0e4-ba239d9a8ef1', 'context': [<snowplow_tracker.self_describing_json.SelfDescribingJson object at 0x10b0f3fd0>]}
[0m19:07:22.589786 [info ] [MainThread]: Warning: No packages were found in packages.yml
[0m19:07:22.591234 [debug] [MainThread]: Command `cli deps` succeeded at 19:07:22.590742 after 3.87 seconds
[0m19:07:22.592321 [debug] [MainThread]: Sending event: {'category': 'dbt', 'action': 'invocation', 'label': 'end', 'context': [<snowplow_tracker.self_describing_json.SelfDescribingJson object at 0x10824e100>, <snowplow_tracker.self_describing_json.SelfDescribingJson object at 0x10b16e460>, <snowplow_tracker.self_describing_json.SelfDescribingJson object at 0x10b16e190>]}
[0m19:07:22.592686 [debug] [MainThread]: Flushing usage events
[0m19:08:21.001134 [debug] [MainThread]: Sending event: {'category': 'dbt', 'action': 'invocation', 'label': 'start', 'context': [<snowplow_tracker.self_describing_json.SelfDescribingJson object at 0x10882e0d0>, <snowplow_tracker.self_describing_json.SelfDescribingJson object at 0x10b735a60>, <snowplow_tracker.self_describing_json.SelfDescribingJson object at 0x10b735c40>]}


============================== 19:08:21.005015 | 096bcd31-cf66-4c34-a5d9-72636623b963 ==============================
[0m19:08:21.005015 [info ] [MainThread]: Running with dbt=1.6.18
[0m19:08:21.005434 [debug] [MainThread]: running dbt with arguments {'printer_width': '80', 'indirect_selection': 'eager', 'log_cache_events': 'False', 'write_json': 'True', 'partial_parse': 'True', 'cache_selected_only': 'False', 'warn_error': 'None', 'fail_fast': 'False', 'profiles_dir': '/Users/giacomoleo/.dbt', 'log_path': '/Users/giacomoleo/Github/fastlineage/fixtures/dbt_project/logs', 'version_check': 'True', 'debug': 'False', 'use_colors': 'True', 'use_experimental_parser': 'False', 'no_print': 'None', 'quiet': 'False', 'warn_error_options': 'WarnErrorOptions(include=[], exclude=[])', 'static_parser': 'True', 'log_format': 'default', 'invocation_command': 'dbt ', 'target_path': 'None', 'introspect': 'True', 'send_anonymous_usage_stats': 'True'}
[0m19:08:21.117278 [debug] [MainThread]: Sending event: {'category': 'dbt', 'action': 'project_id', 'label': '096bcd31-cf66-4c34-a5d9-72636623b963', 'context': [<snowplow_tracker.self_describing_json.SelfDescribingJson object at 0x102f48c70>]}
[0m19:08:21.117935 [info ] [MainThread]: Warning: No packages were found in packages.yml
[0m19:08:21.118532 [debug] [MainThread]: Command `cli deps` succeeded at 19:08:21.118412 after 0.16 seconds
[0m19:08:21.118885 [debug] [MainThread]: Sending event: {'category': 'dbt', 'action': 'invocation', 'label': 'end', 'context': [<snowplow_tracker.self_describing_json.SelfDescribingJson object at 0x10882e0d0>, <snowplow_tracker.self_describing_json.SelfDescribingJson object at 0x10b7c93a0>, <snowplow_tracker.self_describing_json.SelfDescribingJson object at 0x10b7c95e0>]}
[0m19:08:21.119210 [debug] [MainThread]: Flushing usage events
[0m19:23:18.112918 [debug] [MainThread]: Sending event: {'category': 'dbt', 'action': 'invocation', 'label': 'start', 'context': [<snowplow_tracker.self_describing_json.SelfDescribingJson object at 0x10a468d00>, <snowplow_tracker.self_describing_json.SelfDescribingJson object at 0x10b534b20>, <snowplow_tracker.self_describing_json.SelfDescribingJson object at 0x10b534400>]}


============================== 19:23:18.115580 | aeb56378-2c29-486f-b2ce-5523dca2742e ==============================
[0m19:23:18.115580 [info ] [MainThread]: Running with dbt=1.11.8
[0m19:23:18.115970 [debug] [MainThread]: running dbt with arguments {'static_parser': 'True', 'fail_fast': 'False', 'target_path': 'None', 'empty': 'None', 'cache_selected_only': 'False', 'invocation_command': 'dbt ', 'send_anonymous_usage_stats': 'True', 'use_colors': 'True', 'log_cache_events': 'False', 'quiet': 'False', 'printer_width': '80', 'debug': 'False', 'log_format': 'default', 'profiles_dir': '/Users/giacomoleo/.dbt', 'introspect': 'True', 'warn_error': 'None', 'warn_error_options': 'WarnErrorOptionsV2(error=[], warn=[], silence=[])', 'write_json': 'True', 'log_path': '/Users/giacomoleo/Github/fastlineage/fixtures/dbt_project/logs', 'no_print': 'None', 'partial_parse': 'True', 'indirect_selection': 'eager', 'use_experimental_parser': 'False', 'version_check': 'True'}
[0m19:23:18.350620 [debug] [MainThread]: Sending event: {'category': 'dbt', 'action': 'project_id', 'label': 'aeb56378-2c29-486f-b2ce-5523dca2742e', 'context': [<snowplow_tracker.self_describing_json.SelfDescribingJson object at 0x10b6c4d00>]}
[0m19:23:18.361891 [info ] [MainThread]: Warning: No packages were found in packages.yml
[0m19:23:18.362991 [info ] [MainThread]: Warning: No packages were found in packages.yml
[0m19:23:18.375812 [debug] [MainThread]: Resource report: {"command_name": "deps", "command_success": true, "command_wall_clock_time": 0.32383266, "process_in_blocks": "0", "process_kernel_time": 0.093284, "process_mem_max_rss": "109264896", "process_out_blocks": "0", "process_user_time": 0.908751}
[0m19:23:18.376359 [debug] [MainThread]: Command `cli deps` succeeded at 19:23:18.376270 after 0.32 seconds
[0m19:23:18.376684 [debug] [MainThread]: Sending event: {'category': 'dbt', 'action': 'invocation', 'label': 'end', 'context': [<snowplow_tracker.self_describing_json.SelfDescribingJson object at 0x10a468d00>, <snowplow_tracker.self_describing_json.SelfDescribingJson object at 0x10b6c6c80>, <snowplow_tracker.self_describing_json.SelfDescribingJson object at 0x10b7642b0>]}
[0m19:23:18.377003 [debug] [MainThread]: Flushing usage events
[0m19:23:19.047707 [debug] [MainThread]: An error was encountered while trying to flush usage events
[0m19:36:19.258064 [debug] [MainThread]: Sending event: {'category': 'dbt', 'action': 'invocation', 'label': 'start', 'context': [<snowplow_tracker.self_describing_json.SelfDescribingJson object at 0x10cfc4d30>, <snowplow_tracker.self_describing_json.SelfDescribingJson object at 0x10e090e20>, <snowplow_tracker.self_describing_json.SelfDescribingJson object at 0x10e090700>]}


============================== 19:36:19.261051 | 48140eae-81a9-4f13-afbb-323ed56d07cd ==============================
[0m19:36:19.261051 [info ] [MainThread]: Running with dbt=1.11.8
[0m19:36:19.261429 [debug] [MainThread]: running dbt with arguments {'fail_fast': 'False', 'write_json': 'True', 'log_path': '/Users/giacomoleo/Github/fastlineage/fixtures/dbt_project/logs', 'warn_error': 'None', 'log_format': 'default', 'introspect': 'True', 'target_path': 'None', 'use_colors': 'True', 'cache_selected_only': 'False', 'version_check': 'True', 'quiet': 'False', 'no_print': 'None', 'static_parser': 'True', 'invocation_command': 'dbt ', 'use_experimental_parser': 'False', 'debug': 'False', 'profiles_dir': '/Users/giacomoleo/.dbt', 'partial_parse': 'True', 'send_anonymous_usage_stats': 'True', 'warn_error_options': 'WarnErrorOptionsV2(error=[], warn=[], silence=[])', 'empty': 'None', 'printer_width': '80', 'log_cache_events': 'False', 'indirect_selection': 'eager'}
[0m19:36:19.353250 [debug] [MainThread]: Sending event: {'category': 'dbt', 'action': 'project_id', 'label': '48140eae-81a9-4f13-afbb-323ed56d07cd', 'context': [<snowplow_tracker.self_describing_json.SelfDescribingJson object at 0x10dfe6e90>]}
[0m19:36:19.362690 [info ] [MainThread]: Warning: No packages were found in packages.yml
[0m19:36:19.363359 [info ] [MainThread]: Warning: No packages were found in packages.yml
[0m19:36:19.366253 [debug] [MainThread]: Resource report: {"command_name": "deps", "command_success": true, "command_wall_clock_time": 0.16378991, "process_in_blocks": "0", "process_kernel_time": 0.109318, "process_mem_max_rss": "108199936", "process_out_blocks": "0", "process_user_time": 1.014412}
[0m19:36:19.366723 [debug] [MainThread]: Command `cli deps` succeeded at 19:36:19.366653 after 0.16 seconds
[0m19:36:19.367006 [debug] [MainThread]: Sending event: {'category': 'dbt', 'action': 'invocation', 'label': 'end', 'context': [<snowplow_tracker.self_describing_json.SelfDescribingJson object at 0x10cfc4d30>, <snowplow_tracker.self_describing_json.SelfDescribingJson object at 0x10e090e20>, <snowplow_tracker.self_describing_json.SelfDescribingJson object at 0x10e2c0310>]}
[0m19:36:19.367335 [debug] [MainThread]: Flushing usage events
[0m19:36:20.063631 [debug] [MainThread]: An error was encountered while trying to flush usage events
[0m19:41:19.218622 [debug] [MainThread]: Sending event: {'category': 'dbt', 'action': 'invocation', 'label': 'start', 'context': [<snowplow_tracker.self_describing_json.SelfDescribingJson object at 0x10c7e4d00>, <snowplow_tracker.self_describing_json.SelfDescribingJson object at 0x10d8b0b20>, <snowplow_tracker.self_describing_json.SelfDescribingJson object at 0x10d8b0400>]}


============================== 19:41:19.221443 | 00dec8b4-5ea7-4ce5-935a-a7af0d617c00 ==============================
[0m19:41:19.221443 [info ] [MainThread]: Running with dbt=1.11.8
[0m19:41:19.221926 [debug] [MainThread]: running dbt with arguments {'log_cache_events': 'False', 'static_parser': 'True', 'debug': 'False', 'cache_selected_only': 'False', 'printer_width': '80', 'send_anonymous_usage_stats': 'True', 'empty': 'None', 'target_path': 'None', 'use_colors': 'True', 'invocation_command': 'dbt ', 'log_format': 'default', 'indirect_selection': 'eager', 'profiles_dir': '/Users/giacomoleo/.dbt', 'warn_error_options': 'WarnErrorOptionsV2(error=[], warn=[], silence=[])', 'version_check': 'True', 'write_json': 'True', 'no_print': 'None', 'log_path': '/Users/giacomoleo/Github/fastlineage/fixtures/dbt_project/logs', 'use_experimental_parser': 'False', 'quiet': 'False', 'introspect': 'True', 'partial_parse': 'True', 'fail_fast': 'False', 'warn_error': 'None'}
[0m19:41:19.337402 [debug] [MainThread]: Sending event: {'category': 'dbt', 'action': 'project_id', 'label': '00dec8b4-5ea7-4ce5-935a-a7af0d617c00', 'context': [<snowplow_tracker.self_describing_json.SelfDescribingJson object at 0x10da40d00>]}
[0m19:41:19.348819 [info ] [MainThread]: Warning: No packages were found in packages.yml
[0m19:41:19.349724 [info ] [MainThread]: Warning: No packages were found in packages.yml
[0m19:41:19.352954 [debug] [MainThread]: Resource report: {"command_name": "deps", "command_success": true, "command_wall_clock_time": 0.1980105, "process_in_blocks": "0", "process_kernel_time": 0.132536, "process_mem_max_rss": "105676800", "process_out_blocks": "0", "process_user_time": 1.081298}
[0m19:41:19.353413 [debug] [MainThread]: Command `cli deps` succeeded at 19:41:19.353337 after 0.20 seconds
[0m19:41:19.353667 [debug] [MainThread]: Sending event: {'category': 'dbt', 'action': 'invocation', 'label': 'end', 'context': [<snowplow_tracker.self_describing_json.SelfDescribingJson object at 0x10c7e4d00>, <snowplow_tracker.self_describing_json.SelfDescribingJson object at 0x10da42c80>, <snowplow_tracker.self_describing_json.SelfDescribingJson object at 0x10dae02b0>]}
[0m19:41:19.353915 [debug] [MainThread]: Flushing usage events
[0m19:41:20.047663 [debug] [MainThread]: An error was encountered while trying to flush usage events
[0m19:45:18.890054 [debug] [MainThread]: Sending event: {'category': 'dbt', 'action': 'invocation', 'label': 'start', 'context': [<snowplow_tracker.self_describing_json.SelfDescribingJson object at 0x108facd60>, <snowplow_tracker.self_describing_json.SelfDescribingJson object at 0x10a078ee0>, <snowplow_tracker.self_describing_json.SelfDescribingJson object at 0x10a0787c0>]}


============================== 19:45:18.892623 | 478d7407-9d4f-467f-9339-a2abdae808a0 ==============================
[0m19:45:18.892623 [info ] [MainThread]: Running with dbt=1.11.8
[0m19:45:18.893005 [debug] [MainThread]: running dbt with arguments {'log_cache_events': 'False', 'warn_error_options': 'WarnErrorOptionsV2(error=[], warn=[], silence=[])', 'log_path': '/Users/giacomoleo/Github/fastlineage/fixtures/dbt_project/logs', 'invocation_command': 'dbt ', 'log_format': 'default', 'debug': 'False', 'cache_selected_only': 'False', 'printer_width': '80', 'quiet': 'False', 'profiles_dir': '/Users/giacomoleo/.dbt', 'empty': 'None', 'version_check': 'True', 'send_anonymous_usage_stats': 'True', 'introspect': 'True', 'warn_error': 'None', 'target_path': 'None', 'write_json': 'True', 'fail_fast': 'False', 'partial_parse': 'True', 'use_colors': 'True', 'indirect_selection': 'eager', 'no_print': 'None', 'use_experimental_parser': 'False', 'static_parser': 'True'}
[0m19:45:18.987965 [debug] [MainThread]: Sending event: {'category': 'dbt', 'action': 'project_id', 'label': '478d7407-9d4f-467f-9339-a2abdae808a0', 'context': [<snowplow_tracker.self_describing_json.SelfDescribingJson object at 0x10a07c5e0>]}
[0m19:45:18.997085 [info ] [MainThread]: Warning: No packages were found in packages.yml
[0m19:45:18.997696 [info ] [MainThread]: Warning: No packages were found in packages.yml
[0m19:45:19.002819 [debug] [MainThread]: Resource report: {"command_name": "deps", "command_success": true, "command_wall_clock_time": 0.18559383, "process_in_blocks": "0", "process_kernel_time": 0.092286, "process_mem_max_rss": "111017984", "process_out_blocks": "0", "process_user_time": 0.895363}
[0m19:45:19.003299 [debug] [MainThread]: Command `cli deps` succeeded at 19:45:19.003232 after 0.19 seconds
[0m19:45:19.003546 [debug] [MainThread]: Sending event: {'category': 'dbt', 'action': 'invocation', 'label': 'end', 'context': [<snowplow_tracker.self_describing_json.SelfDescribingJson object at 0x108facd60>, <snowplow_tracker.self_describing_json.SelfDescribingJson object at 0x10a07e890>, <snowplow_tracker.self_describing_json.SelfDescribingJson object at 0x10a2a8370>]}
[0m19:45:19.003783 [debug] [MainThread]: Flushing usage events
[0m19:45:19.691443 [debug] [MainThread]: An error was encountered while trying to flush usage events
[0m19:54:28.748592 [debug] [MainThread]: Sending event: {'category': 'dbt', 'action': 'invocation', 'label': 'start', 'context': [<snowplow_tracker.self_describing_json.SelfDescribingJson object at 0x1085dcd90>, <snowplow_tracker.self_describing_json.SelfDescribingJson object at 0x1096a52d0>, <snowplow_tracker.self_describing_json.SelfDescribingJson object at 0x1096a4bb0>]}


============================== 19:54:28.751738 | 5130b971-7485-496f-acd9-33ca0eab5e65 ==============================
[0m19:54:28.751738 [info ] [MainThread]: Running with dbt=1.11.8
[0m19:54:28.752162 [debug] [MainThread]: running dbt with arguments {'log_path': '/Users/giacomoleo/Github/fastlineage/fixtures/dbt_project/logs', 'quiet': 'False', 'indirect_selection': 'eager', 'empty': 'None', 'invocation_command': 'dbt ', 'use_colors': 'True', 'fail_fast': 'False', 'partial_parse': 'True', 'warn_error_options': 'WarnErrorOptionsV2(error=[], warn=[], silence=[])', 'write_json': 'True', 'debug': 'False', 'target_path': 'None', 'version_check': 'True', 'profiles_dir': '/Users/giacomoleo/.dbt', 'log_cache_events': 'False', 'log_format': 'default', 'static_parser': 'True', 'no_print': 'None', 'introspect': 'True', 'printer_width': '80', 'cache_selected_only': 'False', 'send_anonymous_usage_stats': 'True', 'use_experimental_parser': 'False', 'warn_error': 'None'}
[0m19:54:28.846241 [debug] [MainThread]: Sending event: {'category': 'dbt', 'action': 'project_id', 'label': '5130b971-7485-496f-acd9-33ca0eab5e65', 'context': [<snowplow_tracker.self_describing_json.SelfDescribingJson object at 0x1096a4bb0>]}
[0m19:54:28.857387 [info ] [MainThread]: Warning: No packages were found in packages.yml
[0m19:54:28.858046 [info ] [MainThread]: Warning: No packages were found in packages.yml
[0m19:54:28.861377 [debug] [MainThread]: Resource report: {"command_name": "deps", "command_success": true, "command_wall_clock_time": 0.16906676, "process_in_blocks": "0", "process_kernel_time": 0.138321, "process_mem_max_rss": "108969984", "process_out_blocks": "0", "process_user_time": 1.037227}
[0m19:54:28.861789 [debug] [MainThread]: Command `cli deps` succeeded at 19:54:28.861730 after 0.17 seconds
[0m19:54:28.862048 [debug] [MainThread]: Sending event: {'category': 'dbt', 'action': 'invocation', 'label': 'end', 'context': [<snowplow_tracker.self_describing_json.SelfDescribingJson object at 0x1085dcd90>, <snowplow_tracker.self_describing_json.SelfDescribingJson object at 0x1096a4bb0>, <snowplow_tracker.self_describing_json.SelfDescribingJson object at 0x1098d83a0>]}
[0m19:54:28.862466 [debug] [MainThread]: Flushing usage events
[0m19:54:29.536840 [debug] [MainThread]: An error was encountered while trying to flush usage events
